2025-10-10 09:33:23, MOVE, v:1, k:poo@chinela, mode:PICK
2025-10-10 09:33:24, EXEC, v:1, k:poo@chinela, mode:LOCK, rate:0, size:25
2025-10-10 09:33:25, EXEC, v:1, k:poo@chinela, mode:LOCK, rate:0
2025-10-10 09:33:25, EXEC, v:1, k:poo@chinela, mode:LOCK, rate:0
2025-10-10 09:33:26, EXEC, v:1, k:poo@chinela, mode:LOCK, rate:0
2025-10-10 09:33:26, EXEC, v:1, k:poo@chinela, mode:LOCK, rate:0
2025-10-10 09:33:26, EXEC, v:1, k:poo@chinela, mode:LOCK, rate:0
2025-10-10 09:33:26, EXEC, v:1, k:poo@chinela, mode:LOCK, rate:0
2025-10-10 09:33:26, EXEC, v:1, k:poo@chinela, mode:LOCK, rate:0
2025-10-10 09:33:26, EXEC, v:1, k:poo@chinela, mode:LOCK, rate:0
2025-10-10 09:33:27, EXEC, v:1, k:poo@chinela, mode:LOCK, rate:0
2025-10-10 09:33:27, EXEC, v:1, k:poo@chinela, mode:LOCK, rate:0
2025-10-10 09:33:27, EXEC, v:1, k:poo@chinela, mode:LOCK, rate:0
2025-10-10 09:33:27, EXEC, v:1, k:poo@chinela, mode:LOCK, rate:0
2025-10-10 09:33:27, EXEC, v:1, k:poo@chinela, mode:LOCK, rate:0
2025-10-10 09:33:27, EXEC, v:1, k:poo@chinela, mode:LOCK, rate:0
2025-10-10 09:34:14, EXEC, v:1, k:poo@chinela, mode:LOCK, rate:0
2025-10-10 09:34:15, EXEC, v:1, k:poo@chinela, mode:LOCK, rate:0
2025-10-10 09:34:15, EXEC, v:1, k:poo@chinela, mode:LOCK, rate:0
2025-10-10 09:34:15, EXEC, v:1, k:poo@chinela, mode:LOCK, rate:0
2025-10-10 09:34:15, EXEC, v:1, k:poo@chinela, mode:LOCK, rate:0
2025-10-10 09:34:16, EXEC, v:1, k:poo@chinela, mode:LOCK, rate:0
2025-10-10 09:34:16, EXEC, v:1, k:poo@chinela, mode:LOCK, rate:0
2025-10-10 09:34:16, EXEC, v:1, k:poo@chinela, mode:LOCK, rate:0
2025-10-10 09:34:16, EXEC, v:1, k:poo@chinela, mode:LOCK, rate:0
2025-10-10 09:34:16, EXEC, v:1, k:poo@chinela, mode:LOCK, rate:0
2025-10-10 09:34:16, EXEC, v:1, k:poo@chinela, mode:LOCK, rate:0
2025-10-10 09:34:17, EXEC, v:1, k:poo@chinela, mode:LOCK, rate:0
2025-10-10 09:34:33, MOVE, v:1, k:poo@chinela, mode:BACK
2025-10-10 09:34:47, MOVE, v:1, k:poo@chinela, mode:PICK
2025-10-10 09:34:48, EXEC, v:1, k:poo@chinela, mode:LOCK, rate:0, size:25
2025-10-10 09:44:19, MOVE, v:1, k:poo@chinela, mode:BACK
2025-10-10 09:44:22, MOVE, v:1, k:poo@camisa, mode:DOWN
2025-10-10 09:44:22, MOVE, v:1, k:poo@camisa, mode:PICK
2025-10-10 09:44:30, MOVE, v:1, k:poo@camisa, mode:BACK
2025-10-10 09:44:33, MOVE, v:1, k:poo@roupa, mode:DOWN
2025-10-10 09:44:34, MOVE, v:1, k:poo@roupa, mode:PICK
2025-10-10 09:44:35, MOVE, v:1, k:poo@roupa, mode:BACK
2025-10-10 09:44:37, MOVE, v:1, k:poo@roupa, mode:PICK
2025-10-10 09:44:42, MOVE, v:1, k:poo@roupa, mode:BACK
2025-10-10 09:44:44, MOVE, v:1, k:poo@relogio, mode:DOWN
2025-10-10 09:44:45, MOVE, v:1, k:poo@relogio, mode:PICK
2025-10-10 09:44:45, MOVE, v:1, k:poo@relogio, mode:BACK
2025-10-10 09:44:47, MOVE, v:1, k:poo@relogio, mode:PICK
2025-10-10 09:44:53, MOVE, v:1, k:poo@relogio, mode:BACK
2025-10-10 09:44:58, MOVE, v:1, k:poo@chinela, mode:PICK
2025-10-10 09:44:58, EXEC, v:1, k:poo@chinela, mode:LOCK, rate:0, size:25
2025-10-10 09:44:59, EXEC, v:1, k:poo@chinela, mode:LOCK, rate:0
2025-10-10 09:44:59, EXEC, v:1, k:poo@chinela, mode:LOCK, rate:0
2025-10-10 09:44:59, EXEC, v:1, k:poo@chinela, mode:LOCK, rate:0
2025-10-10 09:44:59, EXEC, v:1, k:poo@chinela, mode:LOCK, rate:0
2025-10-10 09:44:59, EXEC, v:1, k:poo@chinela, mode:LOCK, rate:0
2025-10-10 09:45:00, EXEC, v:1, k:poo@chinela, mode:LOCK, rate:0
2025-10-10 09:45:00, EXEC, v:1, k:poo@chinela, mode:LOCK, rate:0
2025-10-10 09:45:00, EXEC, v:1, k:poo@chinela, mode:LOCK, rate:0
2025-10-10 09:45:00, EXEC, v:1, k:poo@chinela, mode:LOCK, rate:0
2025-10-10 09:45:00, EXEC, v:1, k:poo@chinela, mode:LOCK, rate:0
2025-10-10 09:45:01, EXEC, v:1, k:poo@chinela, mode:LOCK, rate:0
2025-10-10 09:45:01, EXEC, v:1, k:poo@chinela, mode:LOCK, rate:0
2025-10-10 09:45:01, EXEC, v:1, k:poo@chinela, mode:LOCK, rate:0
2025-10-10 10:18:45, EXEC, v:1, k:poo@chinela, mode:LOCK, rate:0
2025-10-10 10:18:46, EXEC, v:1, k:poo@chinela, mode:LOCK, rate:0
2025-10-10 10:18:46, EXEC, v:1, k:poo@chinela, mode:LOCK, rate:0
2025-10-10 10:18:51, EXEC, v:1, k:poo@chinela, mode:LOCK, rate:0
2025-10-10 10:18:51, EXEC, v:1, k:poo@chinela, mode:LOCK, rate:0
2025-10-10 10:18:51, EXEC, v:1, k:poo@chinela, mode:LOCK, rate:0
2025-10-10 10:18:51, EXEC, v:1, k:poo@chinela, mode:LOCK, rate:0
2025-10-10 10:18:52, EXEC, v:1, k:poo@chinela, mode:LOCK, rate:0
2025-10-10 10:18:52, EXEC, v:1, k:poo@chinela, mode:LOCK, rate:0
2025-10-10 10:18:52, EXEC, v:1, k:poo@chinela, mode:LOCK, rate:0
2025-10-10 10:18:52, EXEC, v:1, k:poo@chinela, mode:LOCK, rate:0
2025-10-10 10:18:53, EXEC, v:1, k:poo@chinela, mode:LOCK, rate:0
2025-10-10 10:18:53, EXEC, v:1, k:poo@chinela, mode:LOCK, rate:0
2025-10-10 10:18:55, EXEC, v:1, k:poo@chinela, mode:FREE
2025-10-10 10:18:58, EXEC, v:1, k:poo@chinela, mode:LOCK, rate:0
2025-10-10 10:18:59, EXEC, v:1, k:poo@chinela, mode:LOCK, rate:0
2025-10-10 10:19:00, EXEC, v:1, k:poo@chinela, mode:LOCK, rate:0
2025-10-10 10:19:00, EXEC, v:1, k:poo@chinela, mode:LOCK, rate:0
2025-10-10 10:19:00, EXEC, v:1, k:poo@chinela, mode:LOCK, rate:0
2025-10-10 10:19:00, EXEC, v:1, k:poo@chinela, mode:LOCK, rate:0
2025-10-10 10:19:01, EXEC, v:1, k:poo@chinela, mode:LOCK, rate:0
2025-10-10 10:19:01, EXEC, v:1, k:poo@chinela, mode:LOCK, rate:0
2025-10-10 10:19:01, EXEC, v:1, k:poo@chinela, mode:LOCK, rate:0
2025-10-10 10:19:01, EXEC, v:1, k:poo@chinela, mode:LOCK, rate:0
