2025-10-16 08:50:14, MOVE, v:1, k:poo@motoca, mode:PICK
2025-10-16 08:50:15, EXEC, v:1, k:poo@motoca, mode:FULL, rate:0, size:63
2025-10-16 08:50:21, EXEC, v:1, k:poo@motoca, mode:FULL, rate:0
2025-10-16 08:50:22, MOVE, v:1, k:poo@motoca, mode:BACK
2025-10-16 09:33:46, MOVE, v:1, k:poo@motoca, mode:PICK
2025-10-16 09:33:47, EXEC, v:1, k:poo@motoca, mode:FULL, rate:0, size:73
2025-10-16 09:33:50, EXEC, v:1, k:poo@motoca, mode:FULL, rate:0
2025-10-16 09:33:51, EXEC, v:1, k:poo@motoca, mode:FULL, rate:0
2025-10-16 09:33:54, MOVE, v:1, k:poo@motoca, mode:BACK
2025-10-16 09:34:15, MOVE, v:1, k:poo@motoca, mode:PICK
2025-10-16 09:34:15, EXEC, v:1, k:poo@motoca, mode:FULL, rate:0, size:74
2025-10-16 09:34:22, EXEC, v:1, k:poo@motoca, mode:FULL, rate:0, size:74
2025-10-16 09:34:23, EXEC, v:1, k:poo@motoca, mode:FULL, rate:0
2025-10-16 09:51:58, MOVE, v:1, k:poo@motoca, mode:BACK
2025-10-16 09:52:02, MOVE, v:1, k:poo@roupa, mode:PICK
2025-10-16 09:52:10, EXEC, v:1, k:poo@roupa, mode:FULL, rate:0, size:38
2025-10-16 09:52:42, EXEC, v:1, k:poo@roupa, mode:FULL, rate:0, size:38
2025-10-16 09:53:15, EXEC, v:1, k:poo@roupa, mode:FULL, rate:100, size:38
2025-10-16 09:53:16, EXEC, v:1, k:poo@roupa, mode:FULL, rate:100
2025-10-16 09:53:16, EXEC, v:1, k:poo@roupa, mode:FULL, rate:100
2025-10-16 09:53:16, EXEC, v:1, k:poo@roupa, mode:FULL, rate:100
2025-10-16 09:53:21, MOVE, v:1, k:poo@roupa, mode:BACK
2025-10-16 09:54:17, MOVE, v:1, k:poo@motoca, mode:PICK
2025-10-16 09:54:18, EXEC, v:1, k:poo@motoca, mode:FULL, rate:0, size:89
2025-10-16 09:55:37, EXEC, v:1, k:poo@motoca, mode:FULL, rate:0, size:89
2025-10-16 13:28:20, MOVE, v:1, k:poo@motoca, mode:BACK
2025-10-16 14:00:30, MOVE, v:1, k:poo@motoca, mode:PICK
2025-10-16 14:00:31, EXEC, v:1, k:poo@motoca, mode:FULL, rate:0
2025-10-16 14:03:12, EXEC, v:1, k:poo@motoca, mode:FULL, rate:0, size:89
2025-10-16 14:03:43, EXEC, v:1, k:poo@motoca, mode:FULL, rate:0, size:89
2025-10-16 14:03:52, EXEC, v:1, k:poo@motoca, mode:FULL, rate:6, size:89
2025-10-16 14:07:24, EXEC, v:1, k:poo@motoca, mode:FULL, rate:0, size:90
2025-10-16 14:07:32, EXEC, v:1, k:poo@motoca, mode:FULL, rate:0
2025-10-16 14:07:59, EXEC, v:1, k:poo@motoca, mode:FULL, rate:6, size:89
2025-10-16 14:09:46, MOVE, v:1, k:poo@motoca, mode:BACK
2025-10-16 14:10:08, MOVE, v:1, k:poo@motoca, mode:PICK
2025-10-16 14:10:17, EXEC, v:1, k:poo@motoca, mode:FULL, rate:6
2025-10-16 14:17:44, EXEC, v:1, k:poo@motoca, mode:FULL, rate:6, size:89
2025-10-16 14:17:46, EXEC, v:1, k:poo@motoca, mode:FULL, rate:6
2025-10-16 14:17:46, EXEC, v:1, k:poo@motoca, mode:FULL, rate:6
2025-10-16 14:18:06, EXEC, v:1, k:poo@motoca, mode:FREE, size:89
2025-10-16 14:20:47, EXEC, v:1, k:poo@motoca, mode:FULL, rate:6, size:90
2025-10-16 14:24:29, MOVE, v:1, k:poo@motoca, mode:BACK
2025-10-16 14:24:31, MOVE, v:1, k:poo@relogio, mode:PICK
2025-10-16 14:24:32, EXEC, v:1, k:poo@relogio, mode:FULL, rate:100
2025-10-16 14:24:38, EXEC, v:1, k:poo@relogio, mode:FULL, rate:84, size:69
2025-10-16 14:25:05, EXEC, v:1, k:poo@relogio, mode:FULL, rate:7, size:69
2025-10-16 14:25:21, EXEC, v:1, k:poo@relogio, mode:FULL, rate:30, size:69
2025-10-16 14:26:07, EXEC, v:1, k:poo@relogio, mode:FULL, rate:0, size:69
2025-10-16 14:26:22, EXEC, v:1, k:poo@relogio, mode:FULL, rate:100, size:69
2025-10-16 14:26:24, MOVE, v:1, k:poo@relogio, mode:BACK
2025-10-16 14:26:26, MOVE, v:1, k:poo@motoca, mode:PICK
2025-10-16 14:26:27, EXEC, v:1, k:poo@motoca, mode:FULL, rate:0, size:91
2025-10-16 14:26:32, EXEC, v:1, k:poo@motoca, mode:FULL, rate:0
2025-10-16 14:26:34, EXEC, v:1, k:poo@motoca, mode:FULL, rate:0
2025-10-16 14:26:34, EXEC, v:1, k:poo@motoca, mode:FULL, rate:0
2025-10-16 14:26:34, MOVE, v:1, k:poo@motoca, mode:BACK
2025-10-16 14:26:35, MOVE, v:1, k:poo@motoca, mode:PICK
2025-10-16 14:26:36, EXEC, v:1, k:poo@motoca, mode:FULL, rate:0
2025-10-16 14:26:46, EXEC, v:1, k:poo@motoca, mode:FULL, rate:6, size:91
2025-10-16 14:29:22, EXEC, v:1, k:poo@motoca, mode:FULL, rate:6, size:91
2025-10-16 14:33:27, EXEC, v:1, k:poo@motoca, mode:FULL, rate:6, size:94
2025-10-16 14:35:04, EXEC, v:1, k:poo@motoca, mode:FULL, rate:6, size:97
2025-10-16 14:36:16, EXEC, v:1, k:poo@motoca, mode:FULL, rate:6, size:98
2025-10-16 14:36:29, EXEC, v:1, k:poo@motoca, mode:FULL, rate:6
2025-10-16 14:36:36, MOVE, v:1, k:poo@motoca, mode:BACK
2025-10-16 14:36:38, MOVE, v:1, k:poo@motoca, mode:PICK
2025-10-16 14:36:39, EXEC, v:1, k:poo@motoca, mode:FULL, rate:6
2025-10-16 14:37:46, EXEC, v:1, k:poo@motoca, mode:FULL, rate:6
2025-10-16 14:38:13, EXEC, v:1, k:poo@motoca, mode:FULL, rate:6, size:98
2025-10-16 14:44:50, EXEC, v:1, k:poo@motoca, mode:FULL, rate:6, size:98
2025-10-16 14:45:09, EXEC, v:1, k:poo@motoca, mode:FULL, rate:6, size:98
2025-10-16 14:45:34, EXEC, v:1, k:poo@motoca, mode:FULL, rate:6, size:98
2025-10-16 14:45:35, EXEC, v:1, k:poo@motoca, mode:FULL, rate:6
2025-10-16 14:48:29, EXEC, v:1, k:poo@motoca, mode:FULL, rate:6, size:97
2025-10-16 14:52:32, EXEC, v:1, k:poo@motoca, mode:FULL, rate:6, size:97
2025-10-16 14:52:47, EXEC, v:1, k:poo@motoca, mode:FULL, rate:6, size:97
2025-10-16 14:58:24, EXEC, v:1, k:poo@motoca, mode:FULL, rate:6, size:100
2025-10-16 15:01:24, EXEC, v:1, k:poo@motoca, mode:FULL, rate:6
2025-10-16 15:03:09, EXEC, v:1, k:poo@motoca, mode:FULL, rate:6, size:101
2025-10-16 15:03:39, EXEC, v:1, k:poo@motoca, mode:FULL, rate:6, size:101
2025-10-16 15:03:47, EXEC, v:1, k:poo@motoca, mode:FULL, rate:20, size:101
2025-10-16 15:08:43, EXEC, v:1, k:poo@motoca, mode:FULL, rate:33, size:97
2025-10-16 15:11:09, EXEC, v:1, k:poo@motoca, mode:FULL, rate:33, size:99
2025-10-16 15:14:32, EXEC, v:1, k:poo@motoca, mode:FULL, rate:53, size:102
2025-10-16 15:28:01, EXEC, v:1, k:poo@motoca, mode:FULL, rate:53, size:102
2025-10-16 15:28:48, EXEC, v:1, k:poo@motoca, mode:FULL, rate:53, size:103
2025-10-16 15:30:09, EXEC, v:1, k:poo@motoca, mode:FULL, rate:60, size:100
2025-10-16 15:31:27, EXEC, v:1, k:poo@motoca, mode:FULL, rate:60, size:102
2025-10-16 15:31:43, EXEC, v:1, k:poo@motoca, mode:FULL, rate:73, size:102
2025-10-16 15:32:07, MOVE, v:1, k:poo@motoca, mode:BACK
2025-10-16 15:32:12, MOVE, v:1, k:poo@motoca, mode:PICK
2025-10-16 15:32:13, EXEC, v:1, k:poo@motoca, mode:FULL, rate:73
2025-10-16 15:32:41, MOVE, v:1, k:poo@motoca, mode:BACK
2025-10-16 15:32:59, MOVE, v:1, k:poo@motoca, mode:PICK
2025-10-16 15:33:00, EXEC, v:1, k:poo@motoca, mode:FULL, rate:73
2025-10-16 15:34:40, EXEC, v:1, k:poo@motoca, mode:FULL, rate:86, size:103
2025-10-16 15:35:03, EXEC, v:1, k:poo@motoca, mode:FULL, rate:93, size:103
2025-10-16 15:36:18, EXEC, v:1, k:poo@motoca, mode:FULL, rate:93, size:106
2025-10-16 15:37:39, EXEC, v:1, k:poo@motoca, mode:FULL, rate:93, size:105
2025-10-16 15:40:41, EXEC, v:1, k:poo@motoca, mode:FULL, rate:93, size:104
2025-10-16 15:41:07, EXEC, v:1, k:poo@motoca, mode:FULL, rate:100, size:104
2025-10-16 15:41:13, MOVE, v:1, k:poo@motoca, mode:BACK
2025-10-16 15:41:21, MOVE, v:1, k:poo@relogio, mode:PICK
2025-10-16 15:41:22, EXEC, v:1, k:poo@relogio, mode:FULL, rate:100
2025-10-16 15:41:24, MOVE, v:1, k:poo@relogio, mode:BACK
2025-10-16 15:41:26, MOVE, v:1, k:poo@roupa, mode:PICK
2025-10-16 15:41:26, EXEC, v:1, k:poo@roupa, mode:FULL, rate:100
2025-10-16 15:41:30, MOVE, v:1, k:poo@roupa, mode:BACK
2025-10-16 15:41:53, MOVE, v:1, k:poo@motoca, mode:PICK
2025-10-16 15:41:56, EXEC, v:1, k:poo@motoca, mode:FULL, rate:100
2025-10-16 15:42:00, MOVE, v:1, k:poo@motoca, mode:BACK
2025-10-16 15:42:13, SELF, v:1, k:poo@motoca, rate:100, alone:10
